\BOOKMARK [0][-]{chapter.1}{\376\377\0001\000\040\000P\000a\000r\000t\000i\000c\000l\000e\000N\000e\000t\000\040\000S\000t\000r\000u\000c\000t\000u\000r\000e}{}% 1
\BOOKMARK [1][-]{section.1.1}{\376\377\0001\000.\0001\000\040\000N\000o\000t\000i\000f\000i\000c\000a\000t\000i\000o\000n}{chapter.1}% 2
\BOOKMARK [1][-]{section.1.2}{\376\377\0001\000.\0002\000\040\000s\000t\000a\000c\000k\000\137\000a\000r\000r\000a\000y\000s}{chapter.1}% 3
\BOOKMARK [1][-]{section.1.3}{\376\377\0001\000.\0003\000\040\000p\000a\000d\000\137\000a\000r\000r\000a\000y\000s}{chapter.1}% 4
\BOOKMARK [1][-]{section.1.4}{\376\377\0001\000.\0004\000\040\000D\000a\000t\000a\000s\000e\000t\040\023\000\137\000\137\000i\000n\000i\000t\000\137\000\137\000\050\000\051}{chapter.1}% 5
\BOOKMARK [1][-]{section.1.5}{\376\377\0001\000.\0005\000\040\000D\000a\000t\000a\000s\000e\000t\040\023\000\137\000l\000o\000a\000d\000\050\000\051}{chapter.1}% 6
\BOOKMARK [1][-]{section.1.6}{\376\377\0001\000.\0006\000\040\000D\000a\000t\000a\000s\000e\000t\000-\000\137\000\137\000l\000e\000n\000\137\000\137\000\050\000\051}{chapter.1}% 7
\BOOKMARK [1][-]{section.1.7}{\376\377\0001\000.\0007\000\040\000D\000a\000t\000a\000s\000e\000t\000-\000\137\000\137\000g\000e\000t\000i\000t\000e\000m\000\137\000\137\000\050\000s\000e\000l\000f\000,\000\040\000k\000e\000y\000\051}{chapter.1}% 8
\BOOKMARK [1][-]{section.1.8}{\376\377\0001\000.\0008\000\040\000W\000h\000a\000t\000\040\000i\000s\000\040\000@\000p\000r\000o\000p\000e\000r\000t\000y}{chapter.1}% 9
\BOOKMARK [1][-]{section.1.9}{\376\377\0001\000.\0009\000\040\000D\000a\000t\000a\000s\000e\000t\000-\000X\000\050\000s\000e\000l\000f\000\051\000\040\000a\000n\000d\000\040\000y\000\050\000s\000e\000l\000f\000\051}{chapter.1}% 10
\BOOKMARK [1][-]{section.1.10}{\376\377\0001\000.\0001\0000\000\040\000D\000a\000t\000a\000s\000e\000t\000-\000s\000h\000u\000f\000f\000l\000e\000\050\000s\000e\000l\000f\000,\000\040\000s\000e\000e\000d\000=\000N\000o\000n\000e\000\051}{chapter.1}% 11
\BOOKMARK [1][-]{section.1.11}{\376\377\0001\000.\0001\0001\000\040\000T\000r\000a\000n\000s\000f\000o\000r\000m\000i\000n\000g\000\040\000D\000a\000t\000a}{chapter.1}% 12
\BOOKMARK [1][-]{section.1.12}{\376\377\0001\000.\0001\0002\000\040\000c\000h\000a\000n\000n\000e\000l\000\137\000l\000a\000s\000t}{chapter.1}% 13
\BOOKMARK [1][-]{section.1.13}{\376\377\0001\000.\0001\0003\000\040\000I\000m\000p\000o\000r\000t\000i\000n\000g\000\040\000m\000o\000d\000e\000l}{chapter.1}% 14
\BOOKMARK [1][-]{section.1.14}{\376\377\0001\000.\0001\0004\000\040\000I\000n\000p\000u\000t\000i\000n\000g\000\040\000t\000h\000e\000\040\000m\000o\000d\000e\000l}{chapter.1}% 15
\BOOKMARK [1][-]{section.1.15}{\376\377\0001\000.\0001\0005\000\040\000S\000e\000t\000t\000i\000n\000g\000\040\000T\000r\000a\000i\000n\000i\000n\000g\000\040\000P\000a\000r\000a\000m\000e\000t\000e\000r\000s}{chapter.1}% 16
\BOOKMARK [1][-]{section.1.16}{\376\377\0001\000.\0001\0006\000\040\000l\000r\000\137\000s\000h\000e\000d\000u\000l\000e}{chapter.1}% 17
\BOOKMARK [1][-]{section.1.17}{\376\377\0001\000.\0001\0007\000\040\000M\000o\000d\000e\000l\000\040\000I\000n\000f\000o\000r\000m\000a\000t\000i\000o\000n}{chapter.1}% 18
\BOOKMARK [1][-]{section.1.18}{\376\377\0001\000.\0001\0008\000\040\000P\000r\000e\000p\000a\000r\000e\000\040\000M\000o\000d\000e\000l\000\040\000a\000n\000d\000\040\000I\000t\000s\000\040\000S\000a\000v\000i\000n\000g\000\040\000D\000i\000r\000e\000c\000t\000o\000r\000y}{chapter.1}% 19
\BOOKMARK [1][-]{section.1.19}{\376\377\0001\000.\0001\0009\000\040\000T\000r\000a\000i\000n\000i\000n\000g}{chapter.1}% 20
\BOOKMARK [0][-]{chapter.2}{\376\377\0002\000\040\000A\000p\000p\000e\000n\000d\000i\000c\000e\000s}{}% 21
